2026-04-24 17:57:12 | DEBUG    | src.utils.logger:77 — Logger configurado | level=INFO | file=logs/drowsyguard.log
2026-04-24 17:57:12 | INFO     | tests.unit.test_logger:29 — Test message — info level
2026-04-24 17:57:12 | WARNING  | tests.unit.test_logger:37 — Test message — warning level
2026-04-24 17:57:12 | ERROR    | tests.unit.test_logger:45 — Test message — error level
2026-04-24 17:57:12 | DEBUG    | tests.unit.test_logger:53 — Test message — debug level
2026-04-24 17:57:12 | INFO     | tests.unit.test_logger:72 — From logger1
2026-04-24 17:57:12 | INFO     | tests.unit.test_logger:73 — From logger2
2026-04-24 17:57:12 | INFO     | tests.unit.test_logger:82 — Test con valor=42 y tipo=int
2026-04-24 18:13:04 | DEBUG    | src.utils.logger:78 — Logger configurado | level=INFO | file=logs/drowsyguard.log
2026-04-24 18:13:04 | WARNING  | src.utils.calculations:60 — EAR esperaba 6 puntos, recibió 3
2026-04-24 18:13:04 | WARNING  | src.utils.calculations:69 — EAR: distancia horizontal cercana a cero
2026-04-24 18:13:04 | WARNING  | src.utils.calculations:87 — MOR esperaba 4 puntos, recibió 2
2026-04-25 15:33:01 | DEBUG    | src.utils.logger:78 — Logger configurado | level=INFO | file=logs/drowsyguard.log
2026-04-25 15:33:20 | DEBUG    | src.utils.logger:78 — Logger configurado | level=INFO | file=logs/drowsyguard.log
2026-04-25 15:34:39 | DEBUG    | src.utils.logger:78 — Logger configurado | level=INFO | file=logs/drowsyguard.log
2026-04-25 15:34:39 | INFO     | src.core.detector:109 — DrowsinessDetector listo | EAR_threshold=0.25 | MOR_threshold=0.6
2026-04-25 15:34:39 | DEBUG    | src.utils.preprocess:78 — Mejorando frame | luminancia_media=0.0
2026-04-25 15:34:39 | INFO     | src.core.detector:109 — DrowsinessDetector listo | EAR_threshold=0.25 | MOR_threshold=0.6
2026-04-25 15:34:39 | DEBUG    | src.utils.preprocess:78 — Mejorando frame | luminancia_media=0.0
2026-04-25 15:34:39 | INFO     | src.core.detector:109 — DrowsinessDetector listo | EAR_threshold=0.25 | MOR_threshold=0.6
2026-04-25 15:34:39 | DEBUG    | src.utils.preprocess:78 — Mejorando frame | luminancia_media=0.0
2026-04-25 15:34:39 | INFO     | src.core.detector:109 — DrowsinessDetector listo | EAR_threshold=0.25 | MOR_threshold=0.6
2026-04-25 15:34:39 | DEBUG    | src.utils.preprocess:78 — Mejorando frame | luminancia_media=0.0
2026-04-25 15:34:39 | INFO     | src.core.detector:109 — DrowsinessDetector listo | EAR_threshold=0.25 | MOR_threshold=0.6
2026-04-25 15:34:39 | DEBUG    | src.utils.preprocess:78 — Mejorando frame | luminancia_media=0.0
2026-04-25 15:34:39 | INFO     | src.core.detector:109 — DrowsinessDetector listo | EAR_threshold=0.25 | MOR_threshold=0.6
2026-04-25 15:34:39 | DEBUG    | src.utils.preprocess:78 — Mejorando frame | luminancia_media=0.0
2026-04-25 15:34:39 | INFO     | src.core.detector:109 — DrowsinessDetector listo | EAR_threshold=0.25 | MOR_threshold=0.6
2026-04-25 15:34:39 | DEBUG    | src.utils.preprocess:78 — Mejorando frame | luminancia_media=0.0
2026-04-25 15:34:39 | DEBUG    | src.utils.preprocess:78 — Mejorando frame | luminancia_media=0.0
2026-04-25 15:34:39 | DEBUG    | src.utils.preprocess:78 — Mejorando frame | luminancia_media=0.0
2026-04-25 15:34:39 | DEBUG    | src.utils.preprocess:78 — Mejorando frame | luminancia_media=0.0
2026-04-25 15:34:39 | DEBUG    | src.utils.preprocess:78 — Mejorando frame | luminancia_media=0.0
2026-04-25 15:34:39 | INFO     | src.core.detector:109 — DrowsinessDetector listo | EAR_threshold=0.2 | MOR_threshold=0.5
2026-04-25 15:34:39 | DEBUG    | src.utils.preprocess:78 — Mejorando frame | luminancia_media=0.0
2026-04-25 15:34:39 | INFO     | src.core.detector:109 — DrowsinessDetector listo | EAR_threshold=0.25 | MOR_threshold=0.6
2026-04-25 15:34:39 | DEBUG    | src.utils.preprocess:78 — Mejorando frame | luminancia_media=0.0
2026-04-25 15:34:39 | INFO     | src.core.detector:109 — DrowsinessDetector listo | EAR_threshold=0.25 | MOR_threshold=0.6
2026-04-25 15:34:39 | DEBUG    | src.utils.preprocess:78 — Mejorando frame | luminancia_media=0.0
2026-04-25 16:02:41 | DEBUG    | src.utils.logger:78 — Logger configurado | level=INFO | file=logs/drowsyguard.log
2026-04-25 16:02:41 | INFO     | src.core.temporal:51 — TemporalAnalyzer | ventana=1s | fps=10 | tamaño_buffer=10
2026-04-25 16:02:41 | INFO     | src.core.temporal:51 — TemporalAnalyzer | ventana=1s | fps=10 | tamaño_buffer=10
2026-04-25 16:02:41 | INFO     | src.core.temporal:51 — TemporalAnalyzer | ventana=1s | fps=10 | tamaño_buffer=10
2026-04-25 16:02:41 | INFO     | src.core.temporal:51 — TemporalAnalyzer | ventana=1s | fps=10 | tamaño_buffer=10
2026-04-25 16:02:41 | INFO     | src.core.temporal:51 — TemporalAnalyzer | ventana=1s | fps=10 | tamaño_buffer=10
2026-04-25 16:02:41 | INFO     | src.core.temporal:51 — TemporalAnalyzer | ventana=1s | fps=5 | tamaño_buffer=5
2026-04-25 16:02:41 | INFO     | src.core.temporal:51 — TemporalAnalyzer | ventana=1s | fps=5 | tamaño_buffer=5
2026-04-25 16:02:41 | DEBUG    | src.core.temporal:94 — TemporalAnalyzer buffer reiniciado
2026-04-25 16:42:09 | DEBUG    | src.utils.logger:78 — Logger configurado | level=INFO | file=logs/drowsyguard.log
2026-04-25 16:42:09 | INFO     | src.core.temporal:52 — TemporalAnalyzer | ventana=1s | fps=10 | tamaño_buffer=10
2026-04-25 16:42:09 | INFO     | src.core.temporal:52 — TemporalAnalyzer | ventana=1s | fps=10 | tamaño_buffer=10
2026-04-25 16:42:09 | INFO     | src.core.temporal:52 — TemporalAnalyzer | ventana=1s | fps=10 | tamaño_buffer=10
2026-04-25 16:42:09 | INFO     | src.core.temporal:52 — TemporalAnalyzer | ventana=1s | fps=10 | tamaño_buffer=10
2026-04-25 16:42:09 | INFO     | src.core.temporal:52 — TemporalAnalyzer | ventana=1s | fps=10 | tamaño_buffer=10
2026-04-25 16:42:09 | INFO     | src.core.temporal:52 — TemporalAnalyzer | ventana=1s | fps=5 | tamaño_buffer=5
2026-04-25 16:42:09 | INFO     | src.core.temporal:52 — TemporalAnalyzer | ventana=1s | fps=5 | tamaño_buffer=5
2026-04-25 16:42:09 | DEBUG    | src.core.temporal:95 — TemporalAnalyzer buffer reiniciado
2026-04-27 15:24:36 | DEBUG    | src.utils.logger:78 — Logger configurado | level=INFO | file=logs/drowsyguard.log
2026-04-27 15:24:37 | INFO     | src.api.main:18 — DrowsyGuard API iniciando
2026-04-27 15:27:24 | INFO     | src.core.video_stream:70 — VideoStream inicializado | source=0 | buffer=5
2026-04-27 15:27:24 | INFO     | src.core.video_stream:82 — Hilo de captura de video iniciado
2026-04-27 15:27:24 | INFO     | src.api.state:42 — Detección iniciada | source=0
2026-04-27 15:27:34 | DEBUG    | src.core.video_stream:143 — Captura FPS: 25.7
2026-04-27 15:27:35 | INFO     | src.utils.mediapipe_wrapper:53 — FaceMeshWrapper inicializado | max_faces=1 | refine=True
2026-04-27 15:27:35 | INFO     | src.core.detector:110 — DrowsinessDetector listo | EAR_threshold=0.25 | MOR_threshold=0.6
2026-04-27 15:27:35 | INFO     | src.core.temporal:52 — TemporalAnalyzer | ventana=3s | fps=30 | tamaño_buffer=90
2026-04-27 15:27:35 | INFO     | src.alarm.alert_system:37 — AlertSystem inicializado | cooldown=5.0s | webhook=deshabilitado
2026-04-27 15:27:38 | WARNING  | src.alarm.alert_system:54 — ALERTA SOMNOLENCIA | nivel=LOW | PERCLOS=20.3% | frames_cerrados=16/79
2026-04-27 15:27:39 | WARNING  | src.alarm.alert_system:54 — ALERTA SOMNOLENCIA | nivel=HIGH | PERCLOS=40.0% | frames_cerrados=36/90
2026-04-27 15:27:40 | WARNING  | src.alarm.alert_system:54 — ALERTA SOMNOLENCIA | nivel=CRITICAL | PERCLOS=60.0% | frames_cerrados=54/90
2026-04-27 15:27:44 | DEBUG    | src.core.video_stream:143 — Captura FPS: 29.6
2026-04-27 15:27:44 | WARNING  | src.alarm.alert_system:54 — ALERTA SOMNOLENCIA | nivel=HIGH | PERCLOS=58.9% | frames_cerrados=53/90
2026-04-27 15:27:46 | WARNING  | src.alarm.alert_system:54 — ALERTA SOMNOLENCIA | nivel=CRITICAL | PERCLOS=60.0% | frames_cerrados=54/90
2026-04-27 15:27:48 | WARNING  | src.alarm.alert_system:54 — ALERTA SOMNOLENCIA | nivel=LOW | PERCLOS=38.9% | frames_cerrados=35/90
2026-04-27 15:27:53 | WARNING  | src.alarm.alert_system:54 — ALERTA SOMNOLENCIA | nivel=LOW | PERCLOS=32.2% | frames_cerrados=29/90
2026-04-27 15:27:54 | WARNING  | src.core.video_stream:97 — VideoStream: sin frames disponibles (queue vacía)
2026-04-27 15:27:54 | WARNING  | src.core.video_stream:97 — VideoStream: sin frames disponibles (queue vacía)
2026-04-27 15:27:54 | DEBUG    | src.core.video_stream:143 — Captura FPS: 29.4
2026-04-27 15:27:54 | WARNING  | src.alarm.alert_system:54 — ALERTA SOMNOLENCIA | nivel=HIGH | PERCLOS=40.0% | frames_cerrados=36/90
2026-04-27 15:28:04 | DEBUG    | src.core.video_stream:143 — Captura FPS: 30.0
2026-04-27 15:28:04 | WARNING  | src.alarm.alert_system:54 — ALERTA SOMNOLENCIA | nivel=LOW | PERCLOS=20.0% | frames_cerrados=18/90
2026-04-27 15:28:05 | WARNING  | src.alarm.alert_system:54 — ALERTA SOMNOLENCIA | nivel=HIGH | PERCLOS=40.0% | frames_cerrados=36/90
2026-04-27 15:28:06 | WARNING  | src.alarm.alert_system:54 — ALERTA SOMNOLENCIA | nivel=CRITICAL | PERCLOS=60.0% | frames_cerrados=54/90
2026-04-27 15:28:09 | WARNING  | src.alarm.alert_system:54 — ALERTA SOMNOLENCIA | nivel=LOW | PERCLOS=32.2% | frames_cerrados=29/90
2026-04-27 15:28:14 | DEBUG    | src.core.video_stream:143 — Captura FPS: 30.0
2026-04-27 15:28:23 | WARNING  | src.alarm.alert_system:54 — ALERTA SOMNOLENCIA | nivel=LOW | PERCLOS=20.0% | frames_cerrados=18/90
2026-04-27 15:28:24 | DEBUG    | src.core.video_stream:143 — Captura FPS: 30.0
2026-04-27 15:28:30 | WARNING  | src.alarm.alert_system:54 — ALERTA SOMNOLENCIA | nivel=LOW | PERCLOS=20.0% | frames_cerrados=18/90
2026-04-27 15:28:34 | DEBUG    | src.core.video_stream:143 — Captura FPS: 30.0
2026-04-27 15:28:44 | WARNING  | src.alarm.alert_system:54 — ALERTA SOMNOLENCIA | nivel=LOW | PERCLOS=20.0% | frames_cerrados=18/90
2026-04-27 15:28:44 | DEBUG    | src.core.video_stream:143 — Captura FPS: 30.0
2026-04-27 15:28:44 | WARNING  | src.alarm.alert_system:54 — ALERTA SOMNOLENCIA | nivel=HIGH | PERCLOS=40.0% | frames_cerrados=36/90
2026-04-27 15:28:45 | WARNING  | src.alarm.alert_system:54 — ALERTA SOMNOLENCIA | nivel=CRITICAL | PERCLOS=60.0% | frames_cerrados=54/90
2026-04-27 15:28:49 | WARNING  | src.alarm.alert_system:54 — ALERTA SOMNOLENCIA | nivel=HIGH | PERCLOS=51.1% | frames_cerrados=46/90
2026-04-27 15:28:50 | WARNING  | src.alarm.alert_system:54 — ALERTA SOMNOLENCIA | nivel=CRITICAL | PERCLOS=61.1% | frames_cerrados=55/90
2026-04-27 15:28:54 | DEBUG    | src.core.video_stream:143 — Captura FPS: 29.9
2026-04-27 15:28:55 | WARNING  | src.alarm.alert_system:54 — ALERTA SOMNOLENCIA | nivel=CRITICAL | PERCLOS=71.1% | frames_cerrados=64/90
2026-04-27 15:28:55 | WARNING  | src.alarm.alert_system:54 — ALERTA SOMNOLENCIA | nivel=HIGH | PERCLOS=58.9% | frames_cerrados=53/90
2026-04-27 15:29:00 | WARNING  | src.alarm.alert_system:54 — ALERTA SOMNOLENCIA | nivel=CRITICAL | PERCLOS=83.3% | frames_cerrados=75/90
2026-04-27 15:29:01 | WARNING  | src.alarm.alert_system:54 — ALERTA SOMNOLENCIA | nivel=HIGH | PERCLOS=58.9% | frames_cerrados=53/90
2026-04-27 15:29:02 | WARNING  | src.alarm.alert_system:54 — ALERTA SOMNOLENCIA | nivel=LOW | PERCLOS=38.9% | frames_cerrados=35/90
2026-04-27 15:29:04 | DEBUG    | src.core.video_stream:143 — Captura FPS: 30.1
2026-04-27 15:29:10 | WARNING  | src.alarm.alert_system:54 — ALERTA SOMNOLENCIA | nivel=LOW | PERCLOS=20.0% | frames_cerrados=18/90
2026-04-27 15:29:11 | WARNING  | src.alarm.alert_system:54 — ALERTA SOMNOLENCIA | nivel=HIGH | PERCLOS=40.0% | frames_cerrados=36/90
2026-04-27 15:29:11 | WARNING  | src.alarm.alert_system:54 — ALERTA SOMNOLENCIA | nivel=CRITICAL | PERCLOS=60.0% | frames_cerrados=54/90
2026-04-27 15:29:14 | DEBUG    | src.core.video_stream:143 — Captura FPS: 30.0
2026-04-27 15:29:15 | WARNING  | src.alarm.alert_system:54 — ALERTA SOMNOLENCIA | nivel=LOW | PERCLOS=38.9% | frames_cerrados=35/90
2026-04-27 15:29:17 | WARNING  | src.alarm.alert_system:54 — ALERTA SOMNOLENCIA | nivel=HIGH | PERCLOS=40.0% | frames_cerrados=36/90
2026-04-27 15:29:21 | WARNING  | src.alarm.alert_system:54 — ALERTA SOMNOLENCIA | nivel=LOW | PERCLOS=20.0% | frames_cerrados=18/90
2026-04-27 15:29:24 | DEBUG    | src.core.video_stream:143 — Captura FPS: 30.0
2026-04-27 15:29:31 | WARNING  | src.alarm.alert_system:54 — ALERTA SOMNOLENCIA | nivel=LOW | PERCLOS=20.0% | frames_cerrados=18/90
2026-04-27 15:29:32 | WARNING  | src.alarm.alert_system:54 — ALERTA SOMNOLENCIA | nivel=HIGH | PERCLOS=40.0% | frames_cerrados=36/90
2026-04-27 15:29:33 | WARNING  | src.alarm.alert_system:54 — ALERTA SOMNOLENCIA | nivel=CRITICAL | PERCLOS=60.0% | frames_cerrados=54/90
2026-04-27 15:29:34 | DEBUG    | src.core.video_stream:143 — Captura FPS: 30.0
2026-04-27 15:29:37 | WARNING  | src.alarm.alert_system:54 — ALERTA SOMNOLENCIA | nivel=HIGH | PERCLOS=54.4% | frames_cerrados=49/90
2026-04-27 15:29:38 | WARNING  | src.alarm.alert_system:54 — ALERTA SOMNOLENCIA | nivel=CRITICAL | PERCLOS=70.0% | frames_cerrados=63/90
2026-04-27 15:29:39 | WARNING  | src.alarm.alert_system:54 — ALERTA SOMNOLENCIA | nivel=LOW | PERCLOS=38.9% | frames_cerrados=35/90
2026-04-27 15:29:44 | WARNING  | src.alarm.alert_system:54 — ALERTA SOMNOLENCIA | nivel=HIGH | PERCLOS=40.0% | frames_cerrados=36/90
2026-04-27 15:29:44 | DEBUG    | src.core.video_stream:143 — Captura FPS: 30.1
2026-04-27 15:29:45 | WARNING  | src.alarm.alert_system:54 — ALERTA SOMNOLENCIA | nivel=CRITICAL | PERCLOS=60.0% | frames_cerrados=54/90
2026-04-27 15:29:48 | WARNING  | src.alarm.alert_system:54 — ALERTA SOMNOLENCIA | nivel=LOW | PERCLOS=38.9% | frames_cerrados=35/90
2026-04-27 15:29:51 | WARNING  | src.alarm.alert_system:54 — ALERTA SOMNOLENCIA | nivel=HIGH | PERCLOS=40.0% | frames_cerrados=36/90
2026-04-27 15:29:53 | WARNING  | src.alarm.alert_system:54 — ALERTA SOMNOLENCIA | nivel=CRITICAL | PERCLOS=60.0% | frames_cerrados=54/90
2026-04-27 15:29:54 | DEBUG    | src.core.video_stream:143 — Captura FPS: 29.9
2026-04-27 15:29:55 | WARNING  | src.alarm.alert_system:54 — ALERTA SOMNOLENCIA | nivel=LOW | PERCLOS=38.9% | frames_cerrados=35/90
2026-04-27 15:30:04 | DEBUG    | src.core.video_stream:143 — Captura FPS: 30.0
2026-04-27 15:30:13 | WARNING  | src.alarm.alert_system:54 — ALERTA SOMNOLENCIA | nivel=LOW | PERCLOS=20.0% | frames_cerrados=18/90
2026-04-27 15:30:14 | WARNING  | src.alarm.alert_system:54 — ALERTA SOMNOLENCIA | nivel=HIGH | PERCLOS=40.0% | frames_cerrados=36/90
2026-04-27 15:30:14 | DEBUG    | src.core.video_stream:143 — Captura FPS: 30.1
2026-04-27 15:30:24 | DEBUG    | src.core.video_stream:143 — Captura FPS: 29.9
2026-04-27 15:30:27 | WARNING  | src.alarm.alert_system:54 — ALERTA SOMNOLENCIA | nivel=LOW | PERCLOS=20.0% | frames_cerrados=18/90
2026-04-27 15:30:32 | WARNING  | src.alarm.alert_system:54 — ALERTA SOMNOLENCIA | nivel=LOW | PERCLOS=27.8% | frames_cerrados=25/90
2026-04-27 15:30:33 | WARNING  | src.alarm.alert_system:54 — ALERTA SOMNOLENCIA | nivel=HIGH | PERCLOS=40.0% | frames_cerrados=36/90
2026-04-27 15:30:34 | DEBUG    | src.core.video_stream:143 — Captura FPS: 30.0
2026-04-27 15:30:34 | WARNING  | src.alarm.alert_system:54 — ALERTA SOMNOLENCIA | nivel=CRITICAL | PERCLOS=60.0% | frames_cerrados=54/90
2026-04-27 15:30:39 | WARNING  | src.alarm.alert_system:54 — ALERTA SOMNOLENCIA | nivel=CRITICAL | PERCLOS=75.6% | frames_cerrados=68/90
2026-04-27 15:30:41 | WARNING  | src.alarm.alert_system:54 — ALERTA SOMNOLENCIA | nivel=HIGH | PERCLOS=58.9% | frames_cerrados=53/90
2026-04-27 15:30:42 | WARNING  | src.alarm.alert_system:54 — ALERTA SOMNOLENCIA | nivel=LOW | PERCLOS=38.9% | frames_cerrados=35/90
2026-04-27 15:30:44 | DEBUG    | src.core.video_stream:143 — Captura FPS: 30.1
2026-04-27 15:30:47 | WARNING  | src.alarm.alert_system:54 — ALERTA SOMNOLENCIA | nivel=LOW | PERCLOS=33.3% | frames_cerrados=30/90
2026-04-27 15:30:48 | WARNING  | src.alarm.alert_system:54 — ALERTA SOMNOLENCIA | nivel=HIGH | PERCLOS=40.0% | frames_cerrados=36/90
2026-04-27 15:30:48 | WARNING  | src.alarm.alert_system:54 — ALERTA SOMNOLENCIA | nivel=CRITICAL | PERCLOS=60.0% | frames_cerrados=54/90
2026-04-27 15:30:52 | WARNING  | src.alarm.alert_system:54 — ALERTA SOMNOLENCIA | nivel=LOW | PERCLOS=35.6% | frames_cerrados=32/90
2026-04-27 15:30:53 | WARNING  | src.alarm.alert_system:54 — ALERTA SOMNOLENCIA | nivel=HIGH | PERCLOS=40.0% | frames_cerrados=36/90
2026-04-27 15:30:54 | WARNING  | src.alarm.alert_system:54 — ALERTA SOMNOLENCIA | nivel=CRITICAL | PERCLOS=60.0% | frames_cerrados=54/90
2026-04-27 15:30:54 | DEBUG    | src.core.video_stream:143 — Captura FPS: 30.0
2026-04-27 15:30:58 | WARNING  | src.alarm.alert_system:54 — ALERTA SOMNOLENCIA | nivel=LOW | PERCLOS=38.9% | frames_cerrados=35/90
2026-04-27 15:31:04 | DEBUG    | src.core.video_stream:143 — Captura FPS: 30.0
2026-04-27 15:31:04 | WARNING  | src.alarm.alert_system:54 — ALERTA SOMNOLENCIA | nivel=LOW | PERCLOS=20.0% | frames_cerrados=18/90
2026-04-27 15:31:14 | DEBUG    | src.core.video_stream:143 — Captura FPS: 30.0
2026-04-27 15:31:20 | WARNING  | src.alarm.alert_system:54 — ALERTA SOMNOLENCIA | nivel=LOW | PERCLOS=20.0% | frames_cerrados=18/90
2026-04-27 15:31:24 | DEBUG    | src.core.video_stream:143 — Captura FPS: 30.0
2026-04-27 15:31:25 | WARNING  | src.alarm.alert_system:54 — ALERTA SOMNOLENCIA | nivel=LOW | PERCLOS=21.1% | frames_cerrados=19/90
2026-04-27 15:31:26 | WARNING  | src.alarm.alert_system:54 — ALERTA SOMNOLENCIA | nivel=HIGH | PERCLOS=40.0% | frames_cerrados=36/90
2026-04-27 15:31:27 | WARNING  | src.alarm.alert_system:54 — ALERTA SOMNOLENCIA | nivel=CRITICAL | PERCLOS=60.0% | frames_cerrados=54/90
2026-04-27 15:31:31 | WARNING  | src.alarm.alert_system:54 — ALERTA SOMNOLENCIA | nivel=LOW | PERCLOS=38.9% | frames_cerrados=35/90
2026-04-27 15:31:34 | DEBUG    | src.core.video_stream:143 — Captura FPS: 30.0
2026-04-27 15:31:43 | WARNING  | src.alarm.alert_system:54 — ALERTA SOMNOLENCIA | nivel=LOW | PERCLOS=20.0% | frames_cerrados=18/90
2026-04-27 15:31:44 | DEBUG    | src.core.video_stream:143 — Captura FPS: 30.1
2026-04-27 15:31:45 | WARNING  | src.alarm.alert_system:54 — ALERTA SOMNOLENCIA | nivel=HIGH | PERCLOS=40.0% | frames_cerrados=36/90
2026-04-27 15:31:48 | WARNING  | src.alarm.alert_system:54 — ALERTA SOMNOLENCIA | nivel=CRITICAL | PERCLOS=60.0% | frames_cerrados=54/90
2026-04-27 15:31:53 | WARNING  | src.alarm.alert_system:54 — ALERTA SOMNOLENCIA | nivel=CRITICAL | PERCLOS=88.9% | frames_cerrados=80/90
2026-04-27 15:31:54 | DEBUG    | src.core.video_stream:143 — Captura FPS: 30.0
2026-04-27 15:31:58 | WARNING  | src.alarm.alert_system:54 — ALERTA SOMNOLENCIA | nivel=CRITICAL | PERCLOS=60.0% | frames_cerrados=54/90
2026-04-27 15:31:59 | WARNING  | src.alarm.alert_system:54 — ALERTA SOMNOLENCIA | nivel=HIGH | PERCLOS=58.9% | frames_cerrados=53/90
2026-04-27 15:32:00 | WARNING  | src.alarm.alert_system:54 — ALERTA SOMNOLENCIA | nivel=LOW | PERCLOS=38.9% | frames_cerrados=35/90
2026-04-27 15:32:03 | WARNING  | src.alarm.alert_system:54 — ALERTA SOMNOLENCIA | nivel=CRITICAL | PERCLOS=60.0% | frames_cerrados=54/90
2026-04-27 15:32:04 | DEBUG    | src.core.video_stream:143 — Captura FPS: 30.0
2026-04-27 15:32:05 | WARNING  | src.alarm.alert_system:54 — ALERTA SOMNOLENCIA | nivel=HIGH | PERCLOS=58.9% | frames_cerrados=53/90
2026-04-27 15:32:05 | WARNING  | src.alarm.alert_system:54 — ALERTA SOMNOLENCIA | nivel=LOW | PERCLOS=38.9% | frames_cerrados=35/90
2026-04-27 15:32:08 | WARNING  | src.alarm.alert_system:54 — ALERTA SOMNOLENCIA | nivel=CRITICAL | PERCLOS=65.6% | frames_cerrados=59/90
2026-04-27 15:32:10 | WARNING  | src.alarm.alert_system:54 — ALERTA SOMNOLENCIA | nivel=HIGH | PERCLOS=58.9% | frames_cerrados=53/90
2026-04-27 15:32:11 | WARNING  | src.alarm.alert_system:54 — ALERTA SOMNOLENCIA | nivel=LOW | PERCLOS=38.9% | frames_cerrados=35/90
2026-04-27 15:32:14 | DEBUG    | src.core.video_stream:143 — Captura FPS: 30.0
2026-04-27 15:32:24 | DEBUG    | src.core.video_stream:143 — Captura FPS: 30.1
2026-04-27 15:32:34 | DEBUG    | src.core.video_stream:143 — Captura FPS: 29.7
2026-04-27 15:32:44 | DEBUG    | src.core.video_stream:143 — Captura FPS: 29.4
2026-04-27 15:32:54 | DEBUG    | src.core.video_stream:143 — Captura FPS: 29.2
2026-04-27 15:33:04 | DEBUG    | src.core.video_stream:143 — Captura FPS: 29.7
2026-04-27 15:33:14 | DEBUG    | src.core.video_stream:143 — Captura FPS: 29.9
2026-04-27 15:33:17 | WARNING  | src.alarm.alert_system:54 — ALERTA SOMNOLENCIA | nivel=LOW | PERCLOS=20.0% | frames_cerrados=18/90
2026-04-27 15:33:18 | WARNING  | src.alarm.alert_system:54 — ALERTA SOMNOLENCIA | nivel=HIGH | PERCLOS=40.0% | frames_cerrados=36/90
2026-04-27 15:33:19 | WARNING  | src.alarm.alert_system:54 — ALERTA SOMNOLENCIA | nivel=CRITICAL | PERCLOS=60.0% | frames_cerrados=54/90
2026-04-27 15:33:24 | WARNING  | src.alarm.alert_system:54 — ALERTA SOMNOLENCIA | nivel=CRITICAL | PERCLOS=68.9% | frames_cerrados=62/90
2026-04-27 15:33:24 | DEBUG    | src.core.video_stream:143 — Captura FPS: 30.3
2026-04-27 15:33:25 | WARNING  | src.alarm.alert_system:54 — ALERTA SOMNOLENCIA | nivel=HIGH | PERCLOS=58.9% | frames_cerrados=53/90
2026-04-27 15:33:27 | WARNING  | src.alarm.alert_system:54 — ALERTA SOMNOLENCIA | nivel=LOW | PERCLOS=38.9% | frames_cerrados=35/90
2026-04-27 15:33:29 | WARNING  | src.alarm.alert_system:54 — ALERTA SOMNOLENCIA | nivel=CRITICAL | PERCLOS=60.0% | frames_cerrados=54/90
2026-04-27 15:33:30 | WARNING  | src.alarm.alert_system:54 — ALERTA SOMNOLENCIA | nivel=HIGH | PERCLOS=58.9% | frames_cerrados=53/90
2026-04-27 15:33:32 | WARNING  | src.alarm.alert_system:54 — ALERTA SOMNOLENCIA | nivel=LOW | PERCLOS=22.2% | frames_cerrados=20/90
2026-04-27 15:33:34 | DEBUG    | src.core.video_stream:143 — Captura FPS: 30.0
2026-04-27 15:33:35 | WARNING  | src.alarm.alert_system:54 — ALERTA SOMNOLENCIA | nivel=HIGH | PERCLOS=40.0% | frames_cerrados=36/90
2026-04-27 15:33:36 | WARNING  | src.alarm.alert_system:54 — ALERTA SOMNOLENCIA | nivel=CRITICAL | PERCLOS=60.0% | frames_cerrados=54/90
2026-04-27 15:33:44 | WARNING  | src.core.video_stream:97 — VideoStream: sin frames disponibles (queue vacía)
2026-04-27 15:33:44 | WARNING  | src.alarm.alert_system:54 — ALERTA SOMNOLENCIA | nivel=CRITICAL | PERCLOS=87.8% | frames_cerrados=79/90
2026-04-27 15:34:39 | DEBUG    | src.utils.logger:78 — Logger configurado | level=INFO | file=logs/drowsyguard.log
2026-04-27 15:34:39 | INFO     | src.api.main:18 — DrowsyGuard API iniciando
2026-04-27 15:35:14 | INFO     | src.core.video_stream:70 — VideoStream inicializado | source=0 | buffer=5
2026-04-27 15:35:14 | INFO     | src.core.video_stream:82 — Hilo de captura de video iniciado
2026-04-27 15:35:14 | INFO     | src.api.state:43 — Detección iniciada | source=0
2026-04-27 15:35:16 | INFO     | src.utils.mediapipe_wrapper:53 — FaceMeshWrapper inicializado | max_faces=1 | refine=True
2026-04-27 15:35:16 | INFO     | src.core.detector:110 — DrowsinessDetector listo | EAR_threshold=0.25 | MOR_threshold=0.6
2026-04-27 15:35:16 | INFO     | src.core.temporal:52 — TemporalAnalyzer | ventana=3s | fps=30 | tamaño_buffer=90
2026-04-27 15:35:16 | INFO     | src.alarm.alert_system:37 — AlertSystem inicializado | cooldown=5.0s | webhook=deshabilitado
2026-04-27 15:35:24 | DEBUG    | src.core.video_stream:143 — Captura FPS: 27.1
2026-04-27 15:35:34 | DEBUG    | src.core.video_stream:143 — Captura FPS: 27.6
2026-04-27 15:35:44 | DEBUG    | src.core.video_stream:143 — Captura FPS: 29.6
2026-04-27 15:35:54 | DEBUG    | src.core.video_stream:143 — Captura FPS: 29.5
2026-04-27 15:35:57 | INFO     | src.core.video_stream:70 — VideoStream inicializado | source=0 | buffer=5
2026-04-27 15:35:57 | INFO     | src.core.video_stream:82 — Hilo de captura de video iniciado
2026-04-27 15:35:57 | INFO     | src.api.state:43 — Detección iniciada | source=0
2026-04-27 15:35:57 | INFO     | src.utils.mediapipe_wrapper:53 — FaceMeshWrapper inicializado | max_faces=1 | refine=True
2026-04-27 15:35:57 | INFO     | src.core.detector:110 — DrowsinessDetector listo | EAR_threshold=0.25 | MOR_threshold=0.6
2026-04-27 15:35:57 | INFO     | src.core.temporal:52 — TemporalAnalyzer | ventana=3s | fps=30 | tamaño_buffer=90
2026-04-27 15:35:57 | INFO     | src.alarm.alert_system:37 — AlertSystem inicializado | cooldown=5.0s | webhook=deshabilitado
2026-04-27 15:35:57 | ERROR    | src.core.video_stream:122 — VideoStream: fallo al leer frame de la fuente
2026-04-27 15:36:07 | DEBUG    | src.core.video_stream:143 — Captura FPS: 29.6
2026-04-27 15:36:17 | DEBUG    | src.core.video_stream:143 — Captura FPS: 29.9
2026-04-27 15:36:27 | DEBUG    | src.core.video_stream:143 — Captura FPS: 28.8
2026-04-27 15:36:37 | DEBUG    | src.core.video_stream:143 — Captura FPS: 29.1
2026-04-27 15:36:47 | DEBUG    | src.core.video_stream:143 — Captura FPS: 29.9
2026-04-27 15:37:00 | DEBUG    | src.utils.logger:78 — Logger configurado | level=INFO | file=logs/drowsyguard.log
2026-04-27 15:37:00 | INFO     | src.api.main:18 — DrowsyGuard API iniciando
2026-04-27 15:37:27 | INFO     | src.core.video_stream:70 — VideoStream inicializado | source=0 | buffer=5
2026-04-27 15:37:27 | INFO     | src.core.video_stream:82 — Hilo de captura de video iniciado
2026-04-27 15:37:27 | INFO     | src.api.state:43 — Detección iniciada | source=0
2026-04-27 15:37:29 | INFO     | src.utils.mediapipe_wrapper:53 — FaceMeshWrapper inicializado | max_faces=1 | refine=True
2026-04-27 15:37:29 | INFO     | src.core.detector:110 — DrowsinessDetector listo | EAR_threshold=0.25 | MOR_threshold=0.6
2026-04-27 15:37:29 | INFO     | src.core.temporal:52 — TemporalAnalyzer | ventana=3s | fps=30 | tamaño_buffer=90
2026-04-27 15:37:29 | INFO     | src.alarm.alert_system:37 — AlertSystem inicializado | cooldown=5.0s | webhook=deshabilitado
2026-04-27 15:37:29 | WARNING  | src.alarm.alert_system:54 — ALERTA SOMNOLENCIA | nivel=LOW | PERCLOS=25.0% | frames_cerrados=1/4
2026-04-27 15:37:32 | WARNING  | src.alarm.alert_system:54 — ALERTA SOMNOLENCIA | nivel=HIGH | PERCLOS=40.0% | frames_cerrados=36/90
2026-04-27 15:37:34 | WARNING  | src.alarm.alert_system:54 — ALERTA SOMNOLENCIA | nivel=LOW | PERCLOS=38.9% | frames_cerrados=35/90
2026-04-27 15:37:37 | DEBUG    | src.core.video_stream:143 — Captura FPS: 28.1
2026-04-27 15:37:43 | WARNING  | src.alarm.alert_system:54 — ALERTA SOMNOLENCIA | nivel=LOW | PERCLOS=20.0% | frames_cerrados=18/90
2026-04-27 15:37:47 | DEBUG    | src.core.video_stream:143 — Captura FPS: 30.0
2026-04-27 15:37:49 | WARNING  | src.alarm.alert_system:54 — ALERTA SOMNOLENCIA | nivel=LOW | PERCLOS=20.0% | frames_cerrados=18/90
2026-04-27 15:37:50 | WARNING  | src.alarm.alert_system:54 — ALERTA SOMNOLENCIA | nivel=HIGH | PERCLOS=40.0% | frames_cerrados=36/90
2026-04-27 15:37:51 | WARNING  | src.alarm.alert_system:54 — ALERTA SOMNOLENCIA | nivel=CRITICAL | PERCLOS=60.0% | frames_cerrados=54/90
2026-04-27 15:37:55 | WARNING  | src.alarm.alert_system:54 — ALERTA SOMNOLENCIA | nivel=HIGH | PERCLOS=48.9% | frames_cerrados=44/90
2026-04-27 15:37:55 | WARNING  | src.alarm.alert_system:54 — ALERTA SOMNOLENCIA | nivel=LOW | PERCLOS=38.9% | frames_cerrados=35/90
2026-04-27 15:37:57 | DEBUG    | src.core.video_stream:143 — Captura FPS: 30.0
2026-04-27 15:38:07 | DEBUG    | src.core.video_stream:143 — Captura FPS: 30.0
2026-04-27 15:38:08 | WARNING  | src.alarm.alert_system:54 — ALERTA SOMNOLENCIA | nivel=LOW | PERCLOS=20.0% | frames_cerrados=18/90
2026-04-27 15:38:17 | DEBUG    | src.core.video_stream:143 — Captura FPS: 30.0
2026-04-27 15:38:24 | INFO     | src.core.video_stream:105 — VideoStream detenido y cámara liberada
2026-04-27 15:38:24 | INFO     | src.api.state:59 — Detección detenida
2026-04-27 15:38:29 | INFO     | src.core.video_stream:70 — VideoStream inicializado | source=0 | buffer=5
2026-04-27 15:38:29 | INFO     | src.core.video_stream:82 — Hilo de captura de video iniciado
2026-04-27 15:38:29 | INFO     | src.api.state:43 — Detección iniciada | source=0
2026-04-27 15:38:29 | INFO     | src.utils.mediapipe_wrapper:53 — FaceMeshWrapper inicializado | max_faces=1 | refine=True
2026-04-27 15:38:29 | INFO     | src.core.detector:110 — DrowsinessDetector listo | EAR_threshold=0.25 | MOR_threshold=0.6
2026-04-27 15:38:29 | INFO     | src.core.temporal:52 — TemporalAnalyzer | ventana=3s | fps=30 | tamaño_buffer=90
2026-04-27 15:38:29 | INFO     | src.alarm.alert_system:37 — AlertSystem inicializado | cooldown=5.0s | webhook=deshabilitado
2026-04-27 15:38:29 | WARNING  | src.core.video_stream:97 — VideoStream: sin frames disponibles (queue vacía)
2026-04-27 15:38:29 | WARNING  | src.core.video_stream:97 — VideoStream: sin frames disponibles (queue vacía)
2026-04-27 15:38:29 | WARNING  | src.core.video_stream:97 — VideoStream: sin frames disponibles (queue vacía)
2026-04-27 15:38:30 | WARNING  | src.alarm.alert_system:54 — ALERTA SOMNOLENCIA | nivel=LOW | PERCLOS=20.7% | frames_cerrados=6/29
2026-04-27 15:38:30 | INFO     | src.core.video_stream:105 — VideoStream detenido y cámara liberada
2026-04-27 15:38:30 | INFO     | src.api.state:59 — Detección detenida
2026-04-27 15:38:34 | INFO     | src.core.video_stream:70 — VideoStream inicializado | source=0 | buffer=5
2026-04-27 15:38:34 | INFO     | src.core.video_stream:82 — Hilo de captura de video iniciado
2026-04-27 15:38:34 | INFO     | src.api.state:43 — Detección iniciada | source=0
2026-04-27 15:38:34 | INFO     | src.utils.mediapipe_wrapper:53 — FaceMeshWrapper inicializado | max_faces=1 | refine=True
2026-04-27 15:38:34 | INFO     | src.core.detector:110 — DrowsinessDetector listo | EAR_threshold=0.25 | MOR_threshold=0.6
2026-04-27 15:38:34 | INFO     | src.core.temporal:52 — TemporalAnalyzer | ventana=3s | fps=30 | tamaño_buffer=90
2026-04-27 15:38:34 | INFO     | src.alarm.alert_system:37 — AlertSystem inicializado | cooldown=5.0s | webhook=deshabilitado
2026-04-27 15:38:34 | WARNING  | src.core.video_stream:97 — VideoStream: sin frames disponibles (queue vacía)
2026-04-27 15:38:34 | WARNING  | src.core.video_stream:97 — VideoStream: sin frames disponibles (queue vacía)
2026-04-27 15:38:34 | WARNING  | src.alarm.alert_system:54 — ALERTA SOMNOLENCIA | nivel=CRITICAL | PERCLOS=100.0% | frames_cerrados=1/1
2026-04-27 15:38:34 | WARNING  | src.alarm.alert_system:54 — ALERTA SOMNOLENCIA | nivel=HIGH | PERCLOS=50.0% | frames_cerrados=1/2
2026-04-27 15:38:34 | WARNING  | src.alarm.alert_system:54 — ALERTA SOMNOLENCIA | nivel=LOW | PERCLOS=33.3% | frames_cerrados=1/3
2026-04-27 15:38:44 | DEBUG    | src.core.video_stream:143 — Captura FPS: 29.2
2026-04-27 15:38:51 | WARNING  | src.alarm.alert_system:54 — ALERTA SOMNOLENCIA | nivel=LOW | PERCLOS=20.0% | frames_cerrados=18/90
2026-04-27 15:38:52 | WARNING  | src.alarm.alert_system:54 — ALERTA SOMNOLENCIA | nivel=HIGH | PERCLOS=40.0% | frames_cerrados=36/90
2026-04-27 15:38:53 | WARNING  | src.alarm.alert_system:54 — ALERTA SOMNOLENCIA | nivel=CRITICAL | PERCLOS=60.0% | frames_cerrados=54/90
2026-04-27 15:38:54 | DEBUG    | src.core.video_stream:143 — Captura FPS: 30.0
2026-04-27 15:38:58 | WARNING  | src.alarm.alert_system:54 — ALERTA SOMNOLENCIA | nivel=CRITICAL | PERCLOS=70.0% | frames_cerrados=63/90
2026-04-27 15:38:59 | WARNING  | src.alarm.alert_system:54 — ALERTA SOMNOLENCIA | nivel=HIGH | PERCLOS=58.9% | frames_cerrados=53/90
2026-04-27 15:38:59 | WARNING  | src.alarm.alert_system:54 — ALERTA SOMNOLENCIA | nivel=LOW | PERCLOS=38.9% | frames_cerrados=35/90
2026-04-27 15:39:04 | DEBUG    | src.core.video_stream:143 — Captura FPS: 30.0
2026-04-27 15:39:14 | DEBUG    | src.core.video_stream:143 — Captura FPS: 30.0
2026-04-27 15:39:20 | WARNING  | src.alarm.alert_system:54 — ALERTA SOMNOLENCIA | nivel=LOW | PERCLOS=20.0% | frames_cerrados=18/90
2026-04-27 15:39:24 | DEBUG    | src.core.video_stream:143 — Captura FPS: 29.9
2026-04-27 15:39:28 | WARNING  | src.alarm.alert_system:54 — ALERTA SOMNOLENCIA | nivel=LOW | PERCLOS=20.0% | frames_cerrados=18/90
2026-04-27 15:39:29 | WARNING  | src.alarm.alert_system:54 — ALERTA SOMNOLENCIA | nivel=HIGH | PERCLOS=40.0% | frames_cerrados=36/90
2026-04-27 15:39:29 | WARNING  | src.alarm.alert_system:54 — ALERTA SOMNOLENCIA | nivel=CRITICAL | PERCLOS=60.0% | frames_cerrados=54/90
2026-04-27 15:39:34 | DEBUG    | src.core.video_stream:143 — Captura FPS: 30.1
2026-04-27 15:39:36 | INFO     | src.core.video_stream:105 — VideoStream detenido y cámara liberada
2026-04-27 15:39:36 | INFO     | src.api.state:59 — Detección detenida
